-------------------------------------------------------------------------------
Test set: com.kytc.bikeID.BikeIdApplicationTests
-------------------------------------------------------------------------------
Tests run: 1, Failures: 0, Errors: 1, Skipped: 0, Time elapsed: 18.943 s <<< FAILURE! - in com.kytc.bikeID.BikeIdApplicationTests
contextLoads  Time elapsed: 0.002 s  <<< ERROR!
java.lang.IllegalStateException: Failed to load ApplicationContext
Caused by: org.springframework.beans.factory.BeanCreationException: Error creating bean with name 'org.springframework.boot.autoconfigure.mail.MailSenderValidatorAutoConfiguration': Bean instantiation via constructor failed; nested exception is org.springframework.beans.BeanInstantiationException: Failed to instantiate [org.springframework.boot.autoconfigure.mail.MailSenderValidatorAutoConfiguration]: Constructor threw exception; nested exception is java.lang.IllegalStateException: Mail server is not available
Caused by: org.springframework.beans.BeanInstantiationException: Failed to instantiate [org.springframework.boot.autoconfigure.mail.MailSenderValidatorAutoConfiguration]: Constructor threw exception; nested exception is java.lang.IllegalStateException: Mail server is not available
Caused by: java.lang.IllegalStateException: Mail server is not available
Caused by: javax.mail.AuthenticationFailedException: 
Caused by: javax.mail.MessagingException: Exception reading response
Caused by: java.net.SocketTimeoutException: Read timed out

