<?xml version="1.0" encoding="UTF-8"?>
<testsuite xmlns:xsi="http://www.w3.org/2001/XMLSchema-instance" xsi:noNamespaceSchemaLocation="https://maven.apache.org/surefire/maven-surefire-plugin/xsd/surefire-test-report.xsd" name="com.kytc.bikeID.controller.UserControllerTest" time="0.728" tests="12" errors="0" skipped="0" failures="0">
  <properties>
[...]
</properties>
  <testcase name="AllUsersListTest" classname="com.kytc.bikeID.controller.UserControllerTest" time="0.086"/>
  <testcase name="addUserTest" classname="com.kytc.bikeID.controller.UserControllerTest" time="0.147"/>
  <testcase name="UpdateUserTest" classname="com.kytc.bikeID.controller.UserControllerTest" time="0.055"/>
  <testcase name="addUserWhenDoesNotExist" classname="com.kytc.bikeID.controller.UserControllerTest" time="0.151"/>
  <testcase name="setToAdminWhenDoesNotExist" classname="com.kytc.bikeID.controller.UserControllerTest" time="0.119"/>
  <testcase name="getUserWhenDoesNotExist" classname="com.kytc.bikeID.controller.UserControllerTest" time="0.019"/>
  <testcase name="checkExpirationCodeTest" classname="com.kytc.bikeID.controller.UserControllerTest" time="0.034"/>
  <testcase name="setToAdminTest" classname="com.kytc.bikeID.controller.UserControllerTest" time="0.001"/>
  <testcase name="UpdateUserWhenDoesNotExist" classname="com.kytc.bikeID.controller.UserControllerTest" time="0.007"/>
  <testcase name="getUserTest" classname="com.kytc.bikeID.controller.UserControllerTest" time="0.025"/>
  <testcase name="deleteUserTest" classname="com.kytc.bikeID.controller.UserControllerTest" time="0.016"/>
  <testcase name="checkExpirationCodeWhenDoesNotExist" classname="com.kytc.bikeID.controller.UserControllerTest" time="0.066"/>
</testsuite>